[0627/202443:ERROR:process_info.cc(103)] ReadProcessMemory bool __cdecl crashpad::`anonymous-namespace'::ReadStruct<struct crashpad::process_types::PEB<struct crashpad::process_types::internal::Traits32>>(void *,unsigned __int64,struct crashpad::process_types::PEB<struct crashpad::process_types::internal::Traits32> *): Solo se completó una parte de una solicitud ReadProcessMemory o WriteProcessMemory. (0x12B)
[0627/202443:ERROR:process_info.cc(542)] ReadProcessData failed
[0627/202443:ERROR:process_info.cc(608)] range at 0x0, size 0x230 fully unreadable
[0627/202443:ERROR:process_reader_win.cc(232)] ReadMemory at 0x0 of 560 bytes failed: Solo se completó una parte de una solicitud ReadProcessMemory o WriteProcessMemory. (0x12B)
[0627/202443:ERROR:process_snapshot_win.cc(349)] ReadMemory PEB
[0627/202443:ERROR:process_reader_win.cc(232)] ReadMemory at 0x77a7ab80 of 5888 bytes failed: Solo se completó una parte de una solicitud ReadProcessMemory o WriteProcessMemory. (0x12B)
[0627/202443:ERROR:process_reader_win.cc(98)] process 1720 not found
[0627/202443:ERROR:process_reader_win.cc(232)] ReadMemory at 0xe8c374 of 12 bytes failed: Solo se completó una parte de una solicitud ReadProcessMemory o WriteProcessMemory. (0x12B)
[0627/202443:WARNING:process_snapshot_win.cc(102)] ReadMemory ExceptionInformation failed
[0627/202443:WARNING:crash_report_exception_handler.cc(60)] ProcessSnapshotWin::InitializeException failed
[0627/202443:ERROR:scoped_process_suspend.cc(38)] NtResumeProcess, ntstatus=-1073741558
[0720/103609:ERROR:crash_report_database_win.cc(412)] unexpected header
[0721/170919:ERROR:crash_report_database_win.cc(412)] unexpected header
[0722/111330:ERROR:crash_report_database_win.cc(412)] unexpected header
[0722/231842:ERROR:crash_report_database_win.cc(412)] unexpected header
[0723/182401:ERROR:crash_report_database_win.cc(412)] unexpected header
[0724/184431:ERROR:crash_report_database_win.cc(412)] unexpected header
[0724/184510:ERROR:crash_report_database_win.cc(412)] unexpected header
[0725/110648:ERROR:crash_report_database_win.cc(412)] unexpected header
[0727/082237:ERROR:crash_report_database_win.cc(412)] unexpected header
[0727/175722:ERROR:crash_report_database_win.cc(412)] unexpected header
[0728/173837:ERROR:crash_report_database_win.cc(412)] unexpected header
[0729/102919:ERROR:crash_report_database_win.cc(412)] unexpected header
[0801/094833:ERROR:crash_report_database_win.cc(412)] unexpected header
[0804/181107:ERROR:crash_report_database_win.cc(412)] unexpected header
[0808/195857:ERROR:crash_report_database_win.cc(412)] unexpected header
[0811/093138:ERROR:crash_report_database_win.cc(412)] unexpected header
[0813/170927:ERROR:crash_report_database_win.cc(412)] unexpected header
[0814/180422:ERROR:crash_report_database_win.cc(412)] unexpected header
[0815/072936:ERROR:crash_report_database_win.cc(412)] unexpected header
[0922/000940:ERROR:process_info.cc(103)] ReadProcessMemory bool __cdecl crashpad::`anonymous-namespace'::ReadStruct<struct crashpad::process_types::PEB<struct crashpad::process_types::internal::Traits32>>(void *,unsigned __int64,struct crashpad::process_types::PEB<struct crashpad::process_types::internal::Traits32> *): Solo se completó una parte de una solicitud ReadProcessMemory o WriteProcessMemory. (0x12B)
[0922/000940:ERROR:process_info.cc(542)] ReadProcessData failed
[0922/000940:ERROR:process_reader_win.cc(233)] ReadMemory at 0x1251bfc of 12 bytes failed: Solo se completó una parte de una solicitud ReadProcessMemory o WriteProcessMemory. (0x12B)
[0922/000940:WARNING:process_snapshot_win.cc(68)] ReadMemory ExceptionInformation failed
[0922/000940:WARNING:crash_report_exception_handler.cc(56)] ProcessSnapshotWin::Initialize failed
[0922/000940:ERROR:scoped_process_suspend.cc(38)] NtResumeProcess: Se intentó obtener acceso a un proceso que está cerrándose.  (0xc000010a)
